<?xml version="1.0" encoding="UTF-8"?>
<testng-results skipped="0" failed="0" total="1" passed="1">
  <reporter-output>
  </reporter-output>
  <suite name="Default suite" duration-ms="990" started-at="2021-06-19T01:09:13Z" finished-at="2021-06-19T01:09:14Z">
    <groups>
    </groups>
    <test name="Default test" duration-ms="990" started-at="2021-06-19T01:09:13Z" finished-at="2021-06-19T01:09:14Z">
      <class name="com.apex.api.test.user.UserAPITest_NG">
        <test-method status="PASS" signature="testDeletewithCorrectId()[pri:0, instance:com.apex.api.test.user.UserAPITest_NG@3b2c72c2]" name="testDeletewithCorrectId" duration-ms="982" started-at="2021-06-18T18:09:13Z" finished-at="2021-06-18T18:09:14Z">
          <reporter-output>
          </reporter-output>
        </test-method> <!-- testDeletewithCorrectId -->
      </class> <!-- com.apex.api.test.user.UserAPITest_NG -->
    </test> <!-- Default test -->
  </suite> <!-- Default suite -->
</testng-results>
